{"__type":"$$EventMessageWorkflow","id":"32f423bd-213a-4998-9c28-0b478c20555a","ts":"2025-10-19T08:26:44.938-04:00","eventName":"n8n.workflow.started","message":"n8n.workflow.started","payload":{"executionId":"21","workflowId":"BxH503HL3xeAHHTO","isManual":false,"workflowName":"Webhook + HTTP Request"}}
{"__type":"$$EventMessageConfirm","confirm":"32f423bd-213a-4998-9c28-0b478c20555a","ts":"2025-10-19T08:26:44.938-04:00","source":{"id":"0","name":"eventBus"}}
{"__type":"$$EventMessageNode","id":"209a7c0d-40a3-4ebf-9448-43da5819f24f","ts":"2025-10-19T08:26:44.940-04:00","eventName":"n8n.node.started","message":"n8n.node.started","payload":{"workflowId":"BxH503HL3xeAHHTO","workflowName":"Webhook + HTTP Request","executionId":"21","nodeType":"n8n-nodes-base.webhook","nodeName":"Webhook","nodeId":"c7dc73f1-d400-4985-8a1f-ba4aff2970ca"}}
{"__type":"$$EventMessageConfirm","confirm":"209a7c0d-40a3-4ebf-9448-43da5819f24f","ts":"2025-10-19T08:26:44.940-04:00","source":{"id":"0","name":"eventBus"}}
{"__type":"$$EventMessageNode","id":"d90feb61-04a0-4932-86e3-3a228e22a506","ts":"2025-10-19T08:26:44.942-04:00","eventName":"n8n.node.finished","message":"n8n.node.finished","payload":{"workflowId":"BxH503HL3xeAHHTO","workflowName":"Webhook + HTTP Request","executionId":"21","nodeType":"n8n-nodes-base.webhook","nodeName":"Webhook","nodeId":"c7dc73f1-d400-4985-8a1f-ba4aff2970ca"}}
{"__type":"$$EventMessageConfirm","confirm":"d90feb61-04a0-4932-86e3-3a228e22a506","ts":"2025-10-19T08:26:44.942-04:00","source":{"id":"0","name":"eventBus"}}
{"__type":"$$EventMessageNode","id":"63e12068-a7e4-40e3-bc91-f42dfb564657","ts":"2025-10-19T08:26:44.943-04:00","eventName":"n8n.node.started","message":"n8n.node.started","payload":{"workflowId":"BxH503HL3xeAHHTO","workflowName":"Webhook + HTTP Request","executionId":"21","nodeType":"n8n-nodes-base.httpRequest","nodeName":"HTTP Request","nodeId":"09e488c3-1b62-42ef-b302-50afd37055b2"}}
{"__type":"$$EventMessageConfirm","confirm":"63e12068-a7e4-40e3-bc91-f42dfb564657","ts":"2025-10-19T08:26:44.943-04:00","source":{"id":"0","name":"eventBus"}}
{"__type":"$$EventMessageNode","id":"706b5444-b8e3-4321-8b24-e3db4fbf25c7","ts":"2025-10-19T08:26:45.768-04:00","eventName":"n8n.node.finished","message":"n8n.node.finished","payload":{"workflowId":"BxH503HL3xeAHHTO","workflowName":"Webhook + HTTP Request","executionId":"21","nodeType":"n8n-nodes-base.httpRequest","nodeName":"HTTP Request","nodeId":"09e488c3-1b62-42ef-b302-50afd37055b2"}}
{"__type":"$$EventMessageConfirm","confirm":"706b5444-b8e3-4321-8b24-e3db4fbf25c7","ts":"2025-10-19T08:26:45.768-04:00","source":{"id":"0","name":"eventBus"}}
{"__type":"$$EventMessageWorkflow","id":"4b6d98d7-2678-4d5f-bf8c-677783d73a05","ts":"2025-10-19T08:26:45.773-04:00","eventName":"n8n.workflow.success","message":"n8n.workflow.success","payload":{"executionId":"21","success":true,"isManual":true,"workflowId":"BxH503HL3xeAHHTO","workflowName":"Webhook + HTTP Request"}}
{"__type":"$$EventMessageConfirm","confirm":"4b6d98d7-2678-4d5f-bf8c-677783d73a05","ts":"2025-10-19T08:26:45.773-04:00","source":{"id":"0","name":"eventBus"}}
{"__type":"$$EventMessageWorkflow","id":"0d7048fc-6c00-401e-a84c-b3984b234456","ts":"2025-10-19T08:27:03.177-04:00","eventName":"n8n.workflow.started","message":"n8n.workflow.started","payload":{"executionId":"22","workflowId":"BxH503HL3xeAHHTO","isManual":false,"workflowName":"Webhook + HTTP Request"}}
{"__type":"$$EventMessageConfirm","confirm":"0d7048fc-6c00-401e-a84c-b3984b234456","ts":"2025-10-19T08:27:03.177-04:00","source":{"id":"0","name":"eventBus"}}
{"__type":"$$EventMessageNode","id":"1c99c07d-0f38-4780-bd4d-e9321a85fe2e","ts":"2025-10-19T08:27:03.177-04:00","eventName":"n8n.node.started","message":"n8n.node.started","payload":{"workflowId":"BxH503HL3xeAHHTO","workflowName":"Webhook + HTTP Request","executionId":"22","nodeType":"n8n-nodes-base.webhook","nodeName":"Webhook","nodeId":"c7dc73f1-d400-4985-8a1f-ba4aff2970ca"}}
{"__type":"$$EventMessageConfirm","confirm":"1c99c07d-0f38-4780-bd4d-e9321a85fe2e","ts":"2025-10-19T08:27:03.177-04:00","source":{"id":"0","name":"eventBus"}}
{"__type":"$$EventMessageNode","id":"07e081ea-8b55-472e-8efa-cd879a732d2d","ts":"2025-10-19T08:27:03.178-04:00","eventName":"n8n.node.finished","message":"n8n.node.finished","payload":{"workflowId":"BxH503HL3xeAHHTO","workflowName":"Webhook + HTTP Request","executionId":"22","nodeType":"n8n-nodes-base.webhook","nodeName":"Webhook","nodeId":"c7dc73f1-d400-4985-8a1f-ba4aff2970ca"}}
{"__type":"$$EventMessageConfirm","confirm":"07e081ea-8b55-472e-8efa-cd879a732d2d","ts":"2025-10-19T08:27:03.178-04:00","source":{"id":"0","name":"eventBus"}}
{"__type":"$$EventMessageNode","id":"5405d714-2cd3-43ef-900d-727878ffd633","ts":"2025-10-19T08:27:03.179-04:00","eventName":"n8n.node.started","message":"n8n.node.started","payload":{"workflowId":"BxH503HL3xeAHHTO","workflowName":"Webhook + HTTP Request","executionId":"22","nodeType":"n8n-nodes-base.httpRequest","nodeName":"HTTP Request","nodeId":"09e488c3-1b62-42ef-b302-50afd37055b2"}}
{"__type":"$$EventMessageConfirm","confirm":"5405d714-2cd3-43ef-900d-727878ffd633","ts":"2025-10-19T08:27:03.179-04:00","source":{"id":"0","name":"eventBus"}}
{"__type":"$$EventMessageNode","id":"4d4b8e9d-507e-4852-b68e-4bbaaf8bad5e","ts":"2025-10-19T08:27:06.119-04:00","eventName":"n8n.node.finished","message":"n8n.node.finished","payload":{"workflowId":"BxH503HL3xeAHHTO","workflowName":"Webhook + HTTP Request","executionId":"22","nodeType":"n8n-nodes-base.httpRequest","nodeName":"HTTP Request","nodeId":"09e488c3-1b62-42ef-b302-50afd37055b2"}}
{"__type":"$$EventMessageConfirm","confirm":"4d4b8e9d-507e-4852-b68e-4bbaaf8bad5e","ts":"2025-10-19T08:27:06.119-04:00","source":{"id":"0","name":"eventBus"}}
{"__type":"$$EventMessageWorkflow","id":"8c8b1df7-9183-4c5f-859a-724a0cda041b","ts":"2025-10-19T08:27:06.119-04:00","eventName":"n8n.workflow.success","message":"n8n.workflow.success","payload":{"executionId":"22","success":true,"isManual":true,"workflowId":"BxH503HL3xeAHHTO","workflowName":"Webhook + HTTP Request"}}
{"__type":"$$EventMessageConfirm","confirm":"8c8b1df7-9183-4c5f-859a-724a0cda041b","ts":"2025-10-19T08:27:06.119-04:00","source":{"id":"0","name":"eventBus"}}
